<?xml version="1.0" encoding="UTF-8"?>
<testsuite name="Utest" tests="1" skipped="0" failures="0" errors="0" timestamp="2022-03-06T20:29:46" hostname="WILMER" time="25.438">
  <properties/>
  <testcase name="New User Registration" classname="Utest" time="25.438"/>
  <system-out><![CDATA[]]></system-out>
  <system-err><![CDATA[[Test worker] WARN net.thucydides.core.steps.BaseStepListener - stepStarted: net.thucydides.core.steps.ExecutedStepDescription@66cae00d
[Test worker] WARN net.thucydides.core.steps.BaseStepListener - stepStarted: net.thucydides.core.steps.ExecutedStepDescription@47f1964
[Test worker] WARN net.thucydides.core.steps.BaseStepListener - stepStarted: net.thucydides.core.steps.ExecutedStepDescription@2bd55b87
mar 06, 2022 3:29:46 PM org.openqa.selenium.remote.DesiredCapabilities chrome
INFORMACIÓN: Using `new ChromeOptions()` is preferred to `DesiredCapabilities.chrome()`
[Test worker] INFO net.serenitybdd.core.webdriver.driverproviders.ProvideNewDriver - Instantiating driver
[Test worker] INFO net.serenitybdd.core.webdriver.driverproviders.ProvideNewDriver - Driver capabilities: Capabilities {acceptInsecureCerts: false, browserName: chrome, chrome.switches: --start-maximized, goog:chromeOptions: {args: [--start-maximized], extensions: []}, loggingPrefs: org.openqa.selenium.logging..., platform: ANY, version: }
Starting ChromeDriver 99.0.4844.51 (d537ec02474b5afe23684e7963d538896c63ac77-refs/branch-heads/4844@{#875}) on port 9968
Only local connections are allowed.
Please see https://chromedriver.chromium.org/security-considerations for suggestions on keeping ChromeDriver safe.
ChromeDriver was started successfully.
mar 06, 2022 3:29:49 PM org.openqa.selenium.remote.ProtocolHandshake createSession
INFORMACIÓN: Detected dialect: W3C
[Test worker] WARN net.thucydides.core.steps.BaseStepListener - stepFinished: current outcome:New User Registration:Given that Jose wants to be able to access tester jobs [Jose open up utest [Jose opens the Utest page]]
[Test worker] WARN net.thucydides.core.steps.BaseStepListener - stepFinished: current outcome:New User Registration:Given that Jose wants to be able to access tester jobs [Jose open up utest [Jose opens the Utest page]]
[Test worker] WARN net.thucydides.core.steps.BaseStepListener - stepFinished: current outcome:New User Registration:Given that Jose wants to be able to access tester jobs [Jose open up utest [Jose opens the Utest page]]
[Test worker] WARN net.thucydides.core.steps.BaseStepListener - stepStarted: net.thucydides.core.steps.ExecutedStepDescription@68714b22
[Test worker] WARN net.thucydides.core.steps.BaseStepListener - stepStarted: net.thucydides.core.steps.ExecutedStepDescription@7ce2a3c6
[Test worker] WARN net.thucydides.core.steps.BaseStepListener - stepStarted: net.thucydides.core.steps.ExecutedStepDescription@65c12551
[Test worker] WARN net.thucydides.core.steps.BaseStepListener - stepFinished: current outcome:New User Registration:Given that Jose wants to be able to access tester jobs [Jose open up utest [Jose opens the Utest page]], When he fills in the form for the creation of a new user
| firts_name | last_name | email | password |
| Wilmer | Mendoza | mendozawilmer976@gmail.com | W449i43l20mer | [Jose register [Jose clicks on button that shows us the registration form]]
[Test worker] WARN net.thucydides.core.steps.BaseStepListener - stepStarted: net.thucydides.core.steps.ExecutedStepDescription@1ec71906
[Test worker] WARN net.thucydides.core.steps.BaseStepListener - stepFinished: current outcome:New User Registration:Given that Jose wants to be able to access tester jobs [Jose open up utest [Jose opens the Utest page]], When he fills in the form for the creation of a new user
| firts_name | last_name | email | password |
| Wilmer | Mendoza | mendozawilmer976@gmail.com | W449i43l20mer | [Jose register [Jose clicks on button that shows us the registration form, Jose enters 'Wilmer' into Register first name]]
[Test worker] WARN net.thucydides.core.steps.BaseStepListener - stepStarted: net.thucydides.core.steps.ExecutedStepDescription@52d64f75
[Test worker] WARN net.thucydides.core.steps.BaseStepListener - stepFinished: current outcome:New User Registration:Given that Jose wants to be able to access tester jobs [Jose open up utest [Jose opens the Utest page]], When he fills in the form for the creation of a new user
| firts_name | last_name | email | password |
| Wilmer | Mendoza | mendozawilmer976@gmail.com | W449i43l20mer | [Jose register [Jose clicks on button that shows us the registration form, Jose enters 'Wilmer' into Register first name, Jose enters 'Mendoza' into Register last name]]
[Test worker] WARN net.thucydides.core.steps.BaseStepListener - stepStarted: net.thucydides.core.steps.ExecutedStepDescription@55ce5bbb
[Test worker] WARN net.thucydides.core.steps.BaseStepListener - stepFinished: current outcome:New User Registration:Given that Jose wants to be able to access tester jobs [Jose open up utest [Jose opens the Utest page]], When he fills in the form for the creation of a new user
| firts_name | last_name | email | password |
| Wilmer | Mendoza | mendozawilmer976@gmail.com | W449i43l20mer | [Jose register [Jose clicks on button that shows us the registration form, Jose enters 'Wilmer' into Register first name, Jose enters 'Mendoza' into Register last name, Jose enters 'mendozawilmer976@gmail.com' into Register of email]]
[Test worker] WARN net.thucydides.core.steps.BaseStepListener - stepStarted: net.thucydides.core.steps.ExecutedStepDescription@17934153
[Test worker] WARN net.thucydides.core.steps.BaseStepListener - stepFinished: current outcome:New User Registration:Given that Jose wants to be able to access tester jobs [Jose open up utest [Jose opens the Utest page]], When he fills in the form for the creation of a new user
| firts_name | last_name | email | password |
| Wilmer | Mendoza | mendozawilmer976@gmail.com | W449i43l20mer | [Jose register [Jose clicks on button that shows us the registration form, Jose enters 'Wilmer' into Register first name, Jose enters 'Mendoza' into Register last name, Jose enters 'mendozawilmer976@gmail.com' into Register of email, Jose clicks on Register the month of birth]]
[Test worker] WARN net.thucydides.core.steps.BaseStepListener - stepStarted: net.thucydides.core.steps.ExecutedStepDescription@64b66f90
[Test worker] WARN net.thucydides.core.steps.BaseStepListener - stepFinished: current outcome:New User Registration:Given that Jose wants to be able to access tester jobs [Jose open up utest [Jose opens the Utest page]], When he fills in the form for the creation of a new user
| firts_name | last_name | email | password |
| Wilmer | Mendoza | mendozawilmer976@gmail.com | W449i43l20mer | [Jose register [Jose clicks on button that shows us the registration form, Jose enters 'Wilmer' into Register first name, Jose enters 'Mendoza' into Register last name, Jose enters 'mendozawilmer976@gmail.com' into Register of email, Jose clicks on Register the month of birth, Jose select September on Register the month of birth]]
[Test worker] WARN net.thucydides.core.steps.BaseStepListener - stepStarted: net.thucydides.core.steps.ExecutedStepDescription@2e760c3d
[Test worker] WARN net.thucydides.core.steps.BaseStepListener - stepFinished: current outcome:New User Registration:Given that Jose wants to be able to access tester jobs [Jose open up utest [Jose opens the Utest page]], When he fills in the form for the creation of a new user
| firts_name | last_name | email | password |
| Wilmer | Mendoza | mendozawilmer976@gmail.com | W449i43l20mer | [Jose register [Jose clicks on button that shows us the registration form, Jose enters 'Wilmer' into Register first name, Jose enters 'Mendoza' into Register last name, Jose enters 'mendozawilmer976@gmail.com' into Register of email, Jose clicks on Register the month of birth, Jose select September on Register the month of birth, Jose clicks on Register the day of birth]]
[Test worker] WARN net.thucydides.core.steps.BaseStepListener - stepStarted: net.thucydides.core.steps.ExecutedStepDescription@27664529
[Test worker] WARN net.thucydides.core.steps.BaseStepListener - stepFinished: current outcome:New User Registration:Given that Jose wants to be able to access tester jobs [Jose open up utest [Jose opens the Utest page]], When he fills in the form for the creation of a new user
| firts_name | last_name | email | password |
| Wilmer | Mendoza | mendozawilmer976@gmail.com | W449i43l20mer | [Jose register [Jose clicks on button that shows us the registration form, Jose enters 'Wilmer' into Register first name, Jose enters 'Mendoza' into Register last name, Jose enters 'mendozawilmer976@gmail.com' into Register of email, Jose clicks on Register the month of birth, Jose select September on Register the month of birth, Jose clicks on Register the day of birth, Jose select 4 on Register the day of birth]]
[Test worker] WARN net.thucydides.core.steps.BaseStepListener - stepStarted: net.thucydides.core.steps.ExecutedStepDescription@6dc86c37
[Test worker] WARN net.thucydides.core.steps.BaseStepListener - stepFinished: current outcome:New User Registration:Given that Jose wants to be able to access tester jobs [Jose open up utest [Jose opens the Utest page]], When he fills in the form for the creation of a new user
| firts_name | last_name | email | password |
| Wilmer | Mendoza | mendozawilmer976@gmail.com | W449i43l20mer | [Jose register [Jose clicks on button that shows us the registration form, Jose enters 'Wilmer' into Register first name, Jose enters 'Mendoza' into Register last name, Jose enters 'mendozawilmer976@gmail.com' into Register of email, Jose clicks on Register the month of birth, Jose select September on Register the month of birth, Jose clicks on Register the day of birth, Jose select 4 on Register the day of birth, Jose clicks on Register the year of birth]]
[Test worker] WARN net.thucydides.core.steps.BaseStepListener - stepStarted: net.thucydides.core.steps.ExecutedStepDescription@59ebc6f7
[Test worker] WARN net.thucydides.core.steps.BaseStepListener - stepFinished: current outcome:New User Registration:Given that Jose wants to be able to access tester jobs [Jose open up utest [Jose opens the Utest page]], When he fills in the form for the creation of a new user
| firts_name | last_name | email | password |
| Wilmer | Mendoza | mendozawilmer976@gmail.com | W449i43l20mer | [Jose register [Jose clicks on button that shows us the registration form, Jose enters 'Wilmer' into Register first name, Jose enters 'Mendoza' into Register last name, Jose enters 'mendozawilmer976@gmail.com' into Register of email, Jose clicks on Register the month of birth, Jose select September on Register the month of birth, Jose clicks on Register the day of birth, Jose select 4 on Register the day of birth, Jose clicks on Register the year of birth, Jose select 2001 on Register the year of birth]]
[Test worker] WARN net.thucydides.core.steps.BaseStepListener - stepStarted: net.thucydides.core.steps.ExecutedStepDescription@2f7dd653
[Test worker] WARN net.thucydides.core.steps.BaseStepListener - stepFinished: current outcome:New User Registration:Given that Jose wants to be able to access tester jobs [Jose open up utest [Jose opens the Utest page]], When he fills in the form for the creation of a new user
| firts_name | last_name | email | password |
| Wilmer | Mendoza | mendozawilmer976@gmail.com | W449i43l20mer | [Jose register [Jose clicks on button that shows us the registration form, Jose enters 'Wilmer' into Register first name, Jose enters 'Mendoza' into Register last name, Jose enters 'mendozawilmer976@gmail.com' into Register of email, Jose clicks on Register the month of birth, Jose select September on Register the month of birth, Jose clicks on Register the day of birth, Jose select 4 on Register the day of birth, Jose clicks on Register the year of birth, Jose select 2001 on Register the year of birth, Jose clicks on Button to go to the location page]]
[Test worker] WARN net.thucydides.core.steps.BaseStepListener - stepStarted: net.thucydides.core.steps.ExecutedStepDescription@85fd060
[Test worker] WARN net.thucydides.core.steps.BaseStepListener - stepFinished: current outcome:New User Registration:Given that Jose wants to be able to access tester jobs [Jose open up utest [Jose opens the Utest page]], When he fills in the form for the creation of a new user
| firts_name | last_name | email | password |
| Wilmer | Mendoza | mendozawilmer976@gmail.com | W449i43l20mer | [Jose register [Jose clicks on button that shows us the registration form, Jose enters 'Wilmer' into Register first name, Jose enters 'Mendoza' into Register last name, Jose enters 'mendozawilmer976@gmail.com' into Register of email, Jose clicks on Register the month of birth, Jose select September on Register the month of birth, Jose clicks on Register the day of birth, Jose select 4 on Register the day of birth, Jose clicks on Register the year of birth, Jose select 2001 on Register the year of birth, Jose clicks on Button to go to the location page, Jose enters 'Bogota' into Register the city where you live]]
[Test worker] WARN net.thucydides.core.steps.BaseStepListener - stepStarted: net.thucydides.core.steps.ExecutedStepDescription@4df660b4
[Test worker] WARN net.thucydides.core.steps.BaseStepListener - stepFinished: current outcome:New User Registration:Given that Jose wants to be able to access tester jobs [Jose open up utest [Jose opens the Utest page]], When he fills in the form for the creation of a new user
| firts_name | last_name | email | password |
| Wilmer | Mendoza | mendozawilmer976@gmail.com | W449i43l20mer | [Jose register [Jose clicks on button that shows us the registration form, Jose enters 'Wilmer' into Register first name, Jose enters 'Mendoza' into Register last name, Jose enters 'mendozawilmer976@gmail.com' into Register of email, Jose clicks on Register the month of birth, Jose select September on Register the month of birth, Jose clicks on Register the day of birth, Jose select 4 on Register the day of birth, Jose clicks on Register the year of birth, Jose select 2001 on Register the year of birth, Jose clicks on Button to go to the location page, Jose enters 'Bogota' into Register the city where you live, Jose types 'ARROW_DOWN' in Register the city where you live]]
[Test worker] WARN net.thucydides.core.steps.BaseStepListener - stepStarted: net.thucydides.core.steps.ExecutedStepDescription@258e83b4
[Test worker] WARN net.thucydides.core.steps.BaseStepListener - stepFinished: current outcome:New User Registration:Given that Jose wants to be able to access tester jobs [Jose open up utest [Jose opens the Utest page]], When he fills in the form for the creation of a new user
| firts_name | last_name | email | password |
| Wilmer | Mendoza | mendozawilmer976@gmail.com | W449i43l20mer | [Jose register [Jose clicks on button that shows us the registration form, Jose enters 'Wilmer' into Register first name, Jose enters 'Mendoza' into Register last name, Jose enters 'mendozawilmer976@gmail.com' into Register of email, Jose clicks on Register the month of birth, Jose select September on Register the month of birth, Jose clicks on Register the day of birth, Jose select 4 on Register the day of birth, Jose clicks on Register the year of birth, Jose select 2001 on Register the year of birth, Jose clicks on Button to go to the location page, Jose enters 'Bogota' into Register the city where you live, Jose types 'ARROW_DOWN' in Register the city where you live, Jose types 'ENTER' in Register the city where you live]]
[Test worker] WARN net.thucydides.core.steps.BaseStepListener - stepStarted: net.thucydides.core.steps.ExecutedStepDescription@9661cd
[Test worker] WARN net.thucydides.core.steps.BaseStepListener - stepFinished: current outcome:New User Registration:Given that Jose wants to be able to access tester jobs [Jose open up utest [Jose opens the Utest page]], When he fills in the form for the creation of a new user
| firts_name | last_name | email | password |
| Wilmer | Mendoza | mendozawilmer976@gmail.com | W449i43l20mer | [Jose register [Jose clicks on button that shows us the registration form, Jose enters 'Wilmer' into Register first name, Jose enters 'Mendoza' into Register last name, Jose enters 'mendozawilmer976@gmail.com' into Register of email, Jose clicks on Register the month of birth, Jose select September on Register the month of birth, Jose clicks on Register the day of birth, Jose select 4 on Register the day of birth, Jose clicks on Register the year of birth, Jose select 2001 on Register the year of birth, Jose clicks on Button to go to the location page, Jose enters 'Bogota' into Register the city where you live, Jose types 'ARROW_DOWN' in Register the city where you live, Jose types 'ENTER' in Register the city where you live, Jose enters '110721' into Enter the postal code of the city where you live]]
[Test worker] WARN net.thucydides.core.steps.BaseStepListener - stepStarted: net.thucydides.core.steps.ExecutedStepDescription@52377e75
[Test worker] WARN net.thucydides.core.steps.BaseStepListener - stepFinished: current outcome:New User Registration:Given that Jose wants to be able to access tester jobs [Jose open up utest [Jose opens the Utest page]], When he fills in the form for the creation of a new user
| firts_name | last_name | email | password |
| Wilmer | Mendoza | mendozawilmer976@gmail.com | W449i43l20mer | [Jose register [Jose clicks on button that shows us the registration form, Jose enters 'Wilmer' into Register first name, Jose enters 'Mendoza' into Register last name, Jose enters 'mendozawilmer976@gmail.com' into Register of email, Jose clicks on Register the month of birth, Jose select September on Register the month of birth, Jose clicks on Register the day of birth, Jose select 4 on Register the day of birth, Jose clicks on Register the year of birth, Jose select 2001 on Register the year of birth, Jose clicks on Button to go to the location page, Jose enters 'Bogota' into Register the city where you live, Jose types 'ARROW_DOWN' in Register the city where you live, Jose types 'ENTER' in Register the city where you live, Jose enters '110721' into Enter the postal code of the city where you live, Jose clicks on Button to go to the device page]]
[Test worker] WARN net.thucydides.core.steps.BaseStepListener - stepStarted: net.thucydides.core.steps.ExecutedStepDescription@4c5d1a97
[Test worker] WARN net.thucydides.core.steps.BaseStepListener - stepFinished: current outcome:New User Registration:Given that Jose wants to be able to access tester jobs [Jose open up utest [Jose opens the Utest page]], When he fills in the form for the creation of a new user
| firts_name | last_name | email | password |
| Wilmer | Mendoza | mendozawilmer976@gmail.com | W449i43l20mer | [Jose register [Jose clicks on button that shows us the registration form, Jose enters 'Wilmer' into Register first name, Jose enters 'Mendoza' into Register last name, Jose enters 'mendozawilmer976@gmail.com' into Register of email, Jose clicks on Register the month of birth, Jose select September on Register the month of birth, Jose clicks on Register the day of birth, Jose select 4 on Register the day of birth, Jose clicks on Register the year of birth, Jose select 2001 on Register the year of birth, Jose clicks on Button to go to the location page, Jose enters 'Bogota' into Register the city where you live, Jose types 'ARROW_DOWN' in Register the city where you live, Jose types 'ENTER' in Register the city where you live, Jose enters '110721' into Enter the postal code of the city where you live, Jose clicks on Button to go to the device page, Jose clicks on Button to go to the last page]]
[Test worker] WARN net.thucydides.core.steps.BaseStepListener - stepStarted: net.thucydides.core.steps.ExecutedStepDescription@579bdf8e
[Test worker] WARN net.thucydides.core.steps.BaseStepListener - stepFinished: current outcome:New User Registration:Given that Jose wants to be able to access tester jobs [Jose open up utest [Jose opens the Utest page]], When he fills in the form for the creation of a new user
| firts_name | last_name | email | password |
| Wilmer | Mendoza | mendozawilmer976@gmail.com | W449i43l20mer | [Jose register [Jose clicks on button that shows us the registration form, Jose enters 'Wilmer' into Register first name, Jose enters 'Mendoza' into Register last name, Jose enters 'mendozawilmer976@gmail.com' into Register of email, Jose clicks on Register the month of birth, Jose select September on Register the month of birth, Jose clicks on Register the day of birth, Jose select 4 on Register the day of birth, Jose clicks on Register the year of birth, Jose select 2001 on Register the year of birth, Jose clicks on Button to go to the location page, Jose enters 'Bogota' into Register the city where you live, Jose types 'ARROW_DOWN' in Register the city where you live, Jose types 'ENTER' in Register the city where you live, Jose enters '110721' into Enter the postal code of the city where you live, Jose clicks on Button to go to the device page, Jose clicks on Button to go to the last page, Jose enters 'W449i43l20mer' into Password creation]]
[Test worker] WARN net.thucydides.core.steps.BaseStepListener - stepStarted: net.thucydides.core.steps.ExecutedStepDescription@6aac8c1e
[Test worker] WARN net.thucydides.core.steps.BaseStepListener - stepFinished: current outcome:New User Registration:Given that Jose wants to be able to access tester jobs [Jose open up utest [Jose opens the Utest page]], When he fills in the form for the creation of a new user
| firts_name | last_name | email | password |
| Wilmer | Mendoza | mendozawilmer976@gmail.com | W449i43l20mer | [Jose register [Jose clicks on button that shows us the registration form, Jose enters 'Wilmer' into Register first name, Jose enters 'Mendoza' into Register last name, Jose enters 'mendozawilmer976@gmail.com' into Register of email, Jose clicks on Register the month of birth, Jose select September on Register the month of birth, Jose clicks on Register the day of birth, Jose select 4 on Register the day of birth, Jose clicks on Register the year of birth, Jose select 2001 on Register the year of birth, Jose clicks on Button to go to the location page, Jose enters 'Bogota' into Register the city where you live, Jose types 'ARROW_DOWN' in Register the city where you live, Jose types 'ENTER' in Register the city where you live, Jose enters '110721' into Enter the postal code of the city where you live, Jose clicks on Button to go to the device page, Jose clicks on Button to go to the last page, Jose enters 'W449i43l20mer' into Password creation, Jose enters 'W449i43l20mer' into Password verification]]
[Test worker] WARN net.thucydides.core.steps.BaseStepListener - stepStarted: net.thucydides.core.steps.ExecutedStepDescription@4d0bd53b
[Test worker] WARN net.thucydides.core.steps.BaseStepListener - stepFinished: current outcome:New User Registration:Given that Jose wants to be able to access tester jobs [Jose open up utest [Jose opens the Utest page]], When he fills in the form for the creation of a new user
| firts_name | last_name | email | password |
| Wilmer | Mendoza | mendozawilmer976@gmail.com | W449i43l20mer | [Jose register [Jose clicks on button that shows us the registration form, Jose enters 'Wilmer' into Register first name, Jose enters 'Mendoza' into Register last name, Jose enters 'mendozawilmer976@gmail.com' into Register of email, Jose clicks on Register the month of birth, Jose select September on Register the month of birth, Jose clicks on Register the day of birth, Jose select 4 on Register the day of birth, Jose clicks on Register the year of birth, Jose select 2001 on Register the year of birth, Jose clicks on Button to go to the location page, Jose enters 'Bogota' into Register the city where you live, Jose types 'ARROW_DOWN' in Register the city where you live, Jose types 'ENTER' in Register the city where you live, Jose enters '110721' into Enter the postal code of the city where you live, Jose clicks on Button to go to the device page, Jose clicks on Button to go to the last page, Jose enters 'W449i43l20mer' into Password creation, Jose enters 'W449i43l20mer' into Password verification, Jose clicks on Acceptance of terms of receiving notifications]]
[Test worker] WARN net.thucydides.core.steps.BaseStepListener - stepStarted: net.thucydides.core.steps.ExecutedStepDescription@75cbbee2
[Test worker] WARN net.thucydides.core.steps.BaseStepListener - stepFinished: current outcome:New User Registration:Given that Jose wants to be able to access tester jobs [Jose open up utest [Jose opens the Utest page]], When he fills in the form for the creation of a new user
| firts_name | last_name | email | password |
| Wilmer | Mendoza | mendozawilmer976@gmail.com | W449i43l20mer | [Jose register [Jose clicks on button that shows us the registration form, Jose enters 'Wilmer' into Register first name, Jose enters 'Mendoza' into Register last name, Jose enters 'mendozawilmer976@gmail.com' into Register of email, Jose clicks on Register the month of birth, Jose select September on Register the month of birth, Jose clicks on Register the day of birth, Jose select 4 on Register the day of birth, Jose clicks on Register the year of birth, Jose select 2001 on Register the year of birth, Jose clicks on Button to go to the location page, Jose enters 'Bogota' into Register the city where you live, Jose types 'ARROW_DOWN' in Register the city where you live, Jose types 'ENTER' in Register the city where you live, Jose enters '110721' into Enter the postal code of the city where you live, Jose clicks on Button to go to the device page, Jose clicks on Button to go to the last page, Jose enters 'W449i43l20mer' into Password creation, Jose enters 'W449i43l20mer' into Password verification, Jose clicks on Acceptance of terms of receiving notifications, Jose clicks on Acceptance of the conditions of use and conduct]]
[Test worker] WARN net.thucydides.core.steps.BaseStepListener - stepStarted: net.thucydides.core.steps.ExecutedStepDescription@7fc7d0b9
[Test worker] WARN net.thucydides.core.steps.BaseStepListener - stepFinished: current outcome:New User Registration:Given that Jose wants to be able to access tester jobs [Jose open up utest [Jose opens the Utest page]], When he fills in the form for the creation of a new user
| firts_name | last_name | email | password |
| Wilmer | Mendoza | mendozawilmer976@gmail.com | W449i43l20mer | [Jose register [Jose clicks on button that shows us the registration form, Jose enters 'Wilmer' into Register first name, Jose enters 'Mendoza' into Register last name, Jose enters 'mendozawilmer976@gmail.com' into Register of email, Jose clicks on Register the month of birth, Jose select September on Register the month of birth, Jose clicks on Register the day of birth, Jose select 4 on Register the day of birth, Jose clicks on Register the year of birth, Jose select 2001 on Register the year of birth, Jose clicks on Button to go to the location page, Jose enters 'Bogota' into Register the city where you live, Jose types 'ARROW_DOWN' in Register the city where you live, Jose types 'ENTER' in Register the city where you live, Jose enters '110721' into Enter the postal code of the city where you live, Jose clicks on Button to go to the device page, Jose clicks on Button to go to the last page, Jose enters 'W449i43l20mer' into Password creation, Jose enters 'W449i43l20mer' into Password verification, Jose clicks on Acceptance of terms of receiving notifications, Jose clicks on Acceptance of the conditions of use and conduct, Jose clicks on Acceptance of the privacy and security conditions]]
[Test worker] WARN net.thucydides.core.steps.BaseStepListener - stepFinished: current outcome:New User Registration:Given that Jose wants to be able to access tester jobs [Jose open up utest [Jose opens the Utest page]], When he fills in the form for the creation of a new user
| firts_name | last_name | email | password |
| Wilmer | Mendoza | mendozawilmer976@gmail.com | W449i43l20mer | [Jose register [Jose clicks on button that shows us the registration form, Jose enters 'Wilmer' into Register first name, Jose enters 'Mendoza' into Register last name, Jose enters 'mendozawilmer976@gmail.com' into Register of email, Jose clicks on Register the month of birth, Jose select September on Register the month of birth, Jose clicks on Register the day of birth, Jose select 4 on Register the day of birth, Jose clicks on Register the year of birth, Jose select 2001 on Register the year of birth, Jose clicks on Button to go to the location page, Jose enters 'Bogota' into Register the city where you live, Jose types 'ARROW_DOWN' in Register the city where you live, Jose types 'ENTER' in Register the city where you live, Jose enters '110721' into Enter the postal code of the city where you live, Jose clicks on Button to go to the device page, Jose clicks on Button to go to the last page, Jose enters 'W449i43l20mer' into Password creation, Jose enters 'W449i43l20mer' into Password verification, Jose clicks on Acceptance of terms of receiving notifications, Jose clicks on Acceptance of the conditions of use and conduct, Jose clicks on Acceptance of the privacy and security conditions]]
[Test worker] WARN net.thucydides.core.steps.BaseStepListener - stepFinished: current outcome:New User Registration:Given that Jose wants to be able to access tester jobs [Jose open up utest [Jose opens the Utest page]], When he fills in the form for the creation of a new user
| firts_name | last_name | email | password |
| Wilmer | Mendoza | mendozawilmer976@gmail.com | W449i43l20mer | [Jose register [Jose clicks on button that shows us the registration form, Jose enters 'Wilmer' into Register first name, Jose enters 'Mendoza' into Register last name, Jose enters 'mendozawilmer976@gmail.com' into Register of email, Jose clicks on Register the month of birth, Jose select September on Register the month of birth, Jose clicks on Register the day of birth, Jose select 4 on Register the day of birth, Jose clicks on Register the year of birth, Jose select 2001 on Register the year of birth, Jose clicks on Button to go to the location page, Jose enters 'Bogota' into Register the city where you live, Jose types 'ARROW_DOWN' in Register the city where you live, Jose types 'ENTER' in Register the city where you live, Jose enters '110721' into Enter the postal code of the city where you live, Jose clicks on Button to go to the device page, Jose clicks on Button to go to the last page, Jose enters 'W449i43l20mer' into Password creation, Jose enters 'W449i43l20mer' into Password verification, Jose clicks on Acceptance of terms of receiving notifications, Jose clicks on Acceptance of the conditions of use and conduct, Jose clicks on Acceptance of the privacy and security conditions]]
[Test worker] WARN net.thucydides.core.steps.BaseStepListener - stepStarted: net.thucydides.core.steps.ExecutedStepDescription@81ca385
[Test worker] WARN net.thucydides.core.steps.BaseStepListener - stepStarted: net.thucydides.core.steps.ExecutedStepDescription@99340a0
[Test worker] WARN net.thucydides.core.steps.BaseStepListener - stepFinished: current outcome:New User Registration:Given that Jose wants to be able to access tester jobs [Jose open up utest [Jose opens the Utest page]], When he fills in the form for the creation of a new user
| firts_name | last_name | email | password |
| Wilmer | Mendoza | mendozawilmer976@gmail.com | W449i43l20mer | [Jose register [Jose clicks on button that shows us the registration form, Jose enters 'Wilmer' into Register first name, Jose enters 'Mendoza' into Register last name, Jose enters 'mendozawilmer976@gmail.com' into Register of email, Jose clicks on Register the month of birth, Jose select September on Register the month of birth, Jose clicks on Register the day of birth, Jose select 4 on Register the day of birth, Jose clicks on Register the year of birth, Jose select 2001 on Register the year of birth, Jose clicks on Button to go to the location page, Jose enters 'Bogota' into Register the city where you live, Jose types 'ARROW_DOWN' in Register the city where you live, Jose types 'ENTER' in Register the city where you live, Jose enters '110721' into Enter the postal code of the city where you live, Jose clicks on Button to go to the device page, Jose clicks on Button to go to the last page, Jose enters 'W449i43l20mer' into Password creation, Jose enters 'W449i43l20mer' into Password verification, Jose clicks on Acceptance of terms of receiving notifications, Jose clicks on Acceptance of the conditions of use and conduct, Jose clicks on Acceptance of the privacy and security conditions]], Then get to the end of the registration form
| question |
| The last step | [Then answer]
[Test worker] WARN net.thucydides.core.steps.BaseStepListener - stepFinished: current outcome:New User Registration:Given that Jose wants to be able to access tester jobs [Jose open up utest [Jose opens the Utest page]], When he fills in the form for the creation of a new user
| firts_name | last_name | email | password |
| Wilmer | Mendoza | mendozawilmer976@gmail.com | W449i43l20mer | [Jose register [Jose clicks on button that shows us the registration form, Jose enters 'Wilmer' into Register first name, Jose enters 'Mendoza' into Register last name, Jose enters 'mendozawilmer976@gmail.com' into Register of email, Jose clicks on Register the month of birth, Jose select September on Register the month of birth, Jose clicks on Register the day of birth, Jose select 4 on Register the day of birth, Jose clicks on Register the year of birth, Jose select 2001 on Register the year of birth, Jose clicks on Button to go to the location page, Jose enters 'Bogota' into Register the city where you live, Jose types 'ARROW_DOWN' in Register the city where you live, Jose types 'ENTER' in Register the city where you live, Jose enters '110721' into Enter the postal code of the city where you live, Jose clicks on Button to go to the device page, Jose clicks on Button to go to the last page, Jose enters 'W449i43l20mer' into Password creation, Jose enters 'W449i43l20mer' into Password verification, Jose clicks on Acceptance of terms of receiving notifications, Jose clicks on Acceptance of the conditions of use and conduct, Jose clicks on Acceptance of the privacy and security conditions]], Then get to the end of the registration form
| question |
| The last step | [Then answer]
[Test worker] WARN net.thucydides.core.steps.BaseStepListener - testFinished: New User Registration:Given that Jose wants to be able to access tester jobs [Jose open up utest [Jose opens the Utest page]], When he fills in the form for the creation of a new user
| firts_name | last_name | email | password |
| Wilmer | Mendoza | mendozawilmer976@gmail.com | W449i43l20mer | [Jose register [Jose clicks on button that shows us the registration form, Jose enters 'Wilmer' into Register first name, Jose enters 'Mendoza' into Register last name, Jose enters 'mendozawilmer976@gmail.com' into Register of email, Jose clicks on Register the month of birth, Jose select September on Register the month of birth, Jose clicks on Register the day of birth, Jose select 4 on Register the day of birth, Jose clicks on Register the year of birth, Jose select 2001 on Register the year of birth, Jose clicks on Button to go to the location page, Jose enters 'Bogota' into Register the city where you live, Jose types 'ARROW_DOWN' in Register the city where you live, Jose types 'ENTER' in Register the city where you live, Jose enters '110721' into Enter the postal code of the city where you live, Jose clicks on Button to go to the device page, Jose clicks on Button to go to the last page, Jose enters 'W449i43l20mer' into Password creation, Jose enters 'W449i43l20mer' into Password verification, Jose clicks on Acceptance of terms of receiving notifications, Jose clicks on Acceptance of the conditions of use and conduct, Jose clicks on Acceptance of the privacy and security conditions]], Then get to the end of the registration form
| question |
| The last step | [Then answer]
[Test worker] WARN net.thucydides.core.steps.BaseStepListener - TestOutcomes: [New User Registration:Given that Jose wants to be able to access tester jobs [Jose open up utest [Jose opens the Utest page]], When he fills in the form for the creation of a new user
| firts_name | last_name | email | password |
| Wilmer | Mendoza | mendozawilmer976@gmail.com | W449i43l20mer | [Jose register [Jose clicks on button that shows us the registration form, Jose enters 'Wilmer' into Register first name, Jose enters 'Mendoza' into Register last name, Jose enters 'mendozawilmer976@gmail.com' into Register of email, Jose clicks on Register the month of birth, Jose select September on Register the month of birth, Jose clicks on Register the day of birth, Jose select 4 on Register the day of birth, Jose clicks on Register the year of birth, Jose select 2001 on Register the year of birth, Jose clicks on Button to go to the location page, Jose enters 'Bogota' into Register the city where you live, Jose types 'ARROW_DOWN' in Register the city where you live, Jose types 'ENTER' in Register the city where you live, Jose enters '110721' into Enter the postal code of the city where you live, Jose clicks on Button to go to the device page, Jose clicks on Button to go to the last page, Jose enters 'W449i43l20mer' into Password creation, Jose enters 'W449i43l20mer' into Password verification, Jose clicks on Acceptance of terms of receiving notifications, Jose clicks on Acceptance of the conditions of use and conduct, Jose clicks on Acceptance of the privacy and security conditions]], Then get to the end of the registration form
| question |
| The last step | [Then answer]]
[Test worker] WARN net.thucydides.core.steps.BaseStepListener - Final testOutcomes: [New User Registration:Given that Jose wants to be able to access tester jobs [Jose open up utest [Jose opens the Utest page]], When he fills in the form for the creation of a new user
| firts_name | last_name | email | password |
| Wilmer | Mendoza | mendozawilmer976@gmail.com | W449i43l20mer | [Jose register [Jose clicks on button that shows us the registration form, Jose enters 'Wilmer' into Register first name, Jose enters 'Mendoza' into Register last name, Jose enters 'mendozawilmer976@gmail.com' into Register of email, Jose clicks on Register the month of birth, Jose select September on Register the month of birth, Jose clicks on Register the day of birth, Jose select 4 on Register the day of birth, Jose clicks on Register the year of birth, Jose select 2001 on Register the year of birth, Jose clicks on Button to go to the location page, Jose enters 'Bogota' into Register the city where you live, Jose types 'ARROW_DOWN' in Register the city where you live, Jose types 'ENTER' in Register the city where you live, Jose enters '110721' into Enter the postal code of the city where you live, Jose clicks on Button to go to the device page, Jose clicks on Button to go to the last page, Jose enters 'W449i43l20mer' into Password creation, Jose enters 'W449i43l20mer' into Password verification, Jose clicks on Acceptance of terms of receiving notifications, Jose clicks on Acceptance of the conditions of use and conduct, Jose clicks on Acceptance of the privacy and security conditions]], Then get to the end of the registration form
| question |
| The last step | [Then answer]]
[Test worker] INFO net.thucydides.core.steps.ConsoleLoggingListener - 
        __    _____ _____ ____ _____   ____   _    ____  ____  _____ ____  
  _     \ \  |_   _| ____/ ___|_   _| |  _ \ / \  / ___|/ ___|| ____|  _ \ 
 (_)_____| |   | | |  _| \___ \ | |   | |_) / _ \ \___ \\___ \|  _| | | | |
  _|_____| |   | | | |___ ___) || |   |  __/ ___ \ ___) |___) | |___| |_| |
 (_)     | |   |_| |_____|____/ |_|   |_| /_/   \_\____/|____/|_____|____/ 
        /_/                                                                

TEST PASSED: New User Registration
----------------------------------------------------------------------------
]]></system-err>
</testsuite>
