<?xml version="1.0" encoding="UTF-8"?>
<testsuite name="Utest" tests="1" skipped="0" failures="0" errors="0" timestamp="2022-03-06T17:07:49" hostname="WILMER" time="13.699">
  <properties/>
  <testcase name="New User Registration" classname="Utest" time="13.699"/>
  <system-out><![CDATA[]]></system-out>
  <system-err><![CDATA[[Test worker] WARN net.thucydides.core.steps.BaseStepListener - stepStarted: net.thucydides.core.steps.ExecutedStepDescription@1303e610
[Test worker] WARN net.thucydides.core.steps.BaseStepListener - stepStarted: net.thucydides.core.steps.ExecutedStepDescription@179617d1
[Test worker] WARN net.thucydides.core.steps.BaseStepListener - stepStarted: net.thucydides.core.steps.ExecutedStepDescription@13f6ccf3
mar 06, 2022 12:07:49 PM org.openqa.selenium.remote.DesiredCapabilities chrome
INFORMACIÓN: Using `new ChromeOptions()` is preferred to `DesiredCapabilities.chrome()`
[Test worker] INFO net.serenitybdd.core.webdriver.driverproviders.ProvideNewDriver - Instantiating driver
[Test worker] INFO net.serenitybdd.core.webdriver.driverproviders.ProvideNewDriver - Driver capabilities: Capabilities {acceptInsecureCerts: false, browserName: chrome, chrome.switches: --start-maximized, goog:chromeOptions: {args: [--start-maximized], extensions: []}, loggingPrefs: org.openqa.selenium.logging..., platform: ANY, version: }
Starting ChromeDriver 99.0.4844.51 (d537ec02474b5afe23684e7963d538896c63ac77-refs/branch-heads/4844@{#875}) on port 43773
Only local connections are allowed.
Please see https://chromedriver.chromium.org/security-considerations for suggestions on keeping ChromeDriver safe.
ChromeDriver was started successfully.
mar 06, 2022 12:07:52 PM org.openqa.selenium.remote.ProtocolHandshake createSession
INFORMACIÓN: Detected dialect: W3C
[Test worker] WARN net.thucydides.core.steps.BaseStepListener - stepFinished: current outcome:New User Registration:Given that Jose wants to be able to access tester jobs [Jose open up utest [Jose opens the Utest page]]
[Test worker] WARN net.thucydides.core.steps.BaseStepListener - stepFinished: current outcome:New User Registration:Given that Jose wants to be able to access tester jobs [Jose open up utest [Jose opens the Utest page]]
[Test worker] WARN net.thucydides.core.steps.BaseStepListener - stepFinished: current outcome:New User Registration:Given that Jose wants to be able to access tester jobs [Jose open up utest [Jose opens the Utest page]]
[Test worker] WARN net.thucydides.core.steps.BaseStepListener - stepStarted: net.thucydides.core.steps.ExecutedStepDescription@78141ff9
[Test worker] WARN net.thucydides.core.steps.BaseStepListener - stepStarted: net.thucydides.core.steps.ExecutedStepDescription@29650282
[Test worker] WARN net.thucydides.core.steps.BaseStepListener - stepStarted: net.thucydides.core.steps.ExecutedStepDescription@1a423fa7
[Test worker] WARN net.thucydides.core.steps.BaseStepListener - stepFinished: current outcome:New User Registration:Given that Jose wants to be able to access tester jobs [Jose open up utest [Jose opens the Utest page]], When he fills in the form for the creation of a new user
| firts_name | last_name | email |
| Jose | Mendoza | Jose@gmail.com | [Jose register [Jose clicks on button that shows us the registration form]]
[Test worker] WARN net.thucydides.core.steps.BaseStepListener - stepStarted: net.thucydides.core.steps.ExecutedStepDescription@14f47b30
[Test worker] WARN net.thucydides.core.steps.BaseStepListener - stepFinished: current outcome:New User Registration:Given that Jose wants to be able to access tester jobs [Jose open up utest [Jose opens the Utest page]], When he fills in the form for the creation of a new user
| firts_name | last_name | email |
| Jose | Mendoza | Jose@gmail.com | [Jose register [Jose clicks on button that shows us the registration form, Jose enters 'Jose' into Register first name]]
[Test worker] WARN net.thucydides.core.steps.BaseStepListener - stepStarted: net.thucydides.core.steps.ExecutedStepDescription@35db9940
[Test worker] WARN net.thucydides.core.steps.BaseStepListener - stepFinished: current outcome:New User Registration:Given that Jose wants to be able to access tester jobs [Jose open up utest [Jose opens the Utest page]], When he fills in the form for the creation of a new user
| firts_name | last_name | email |
| Jose | Mendoza | Jose@gmail.com | [Jose register [Jose clicks on button that shows us the registration form, Jose enters 'Jose' into Register first name, Jose enters 'Mendoza' into Register last name]]
[Test worker] WARN net.thucydides.core.steps.BaseStepListener - stepStarted: net.thucydides.core.steps.ExecutedStepDescription@6de83e6c
[Test worker] WARN net.thucydides.core.steps.BaseStepListener - stepFinished: current outcome:New User Registration:Given that Jose wants to be able to access tester jobs [Jose open up utest [Jose opens the Utest page]], When he fills in the form for the creation of a new user
| firts_name | last_name | email |
| Jose | Mendoza | Jose@gmail.com | [Jose register [Jose clicks on button that shows us the registration form, Jose enters 'Jose' into Register first name, Jose enters 'Mendoza' into Register last name, Jose enters 'Jose@gmail.com' into Register of email]]
[Test worker] WARN net.thucydides.core.steps.BaseStepListener - stepStarted: net.thucydides.core.steps.ExecutedStepDescription@6362f269
[Test worker] WARN net.thucydides.core.steps.BaseStepListener - stepFinished: current outcome:New User Registration:Given that Jose wants to be able to access tester jobs [Jose open up utest [Jose opens the Utest page]], When he fills in the form for the creation of a new user
| firts_name | last_name | email |
| Jose | Mendoza | Jose@gmail.com | [Jose register [Jose clicks on button that shows us the registration form, Jose enters 'Jose' into Register first name, Jose enters 'Mendoza' into Register last name, Jose enters 'Jose@gmail.com' into Register of email, Jose clicks on Register the month of birth]]
[Test worker] WARN net.thucydides.core.steps.BaseStepListener - stepStarted: net.thucydides.core.steps.ExecutedStepDescription@8917809
[Test worker] WARN net.thucydides.core.steps.BaseStepListener - stepFinished: current outcome:New User Registration:Given that Jose wants to be able to access tester jobs [Jose open up utest [Jose opens the Utest page]], When he fills in the form for the creation of a new user
| firts_name | last_name | email |
| Jose | Mendoza | Jose@gmail.com | [Jose register [Jose clicks on button that shows us the registration form, Jose enters 'Jose' into Register first name, Jose enters 'Mendoza' into Register last name, Jose enters 'Jose@gmail.com' into Register of email, Jose clicks on Register the month of birth, Jose select April on Register the month of birth]]
[Test worker] WARN net.thucydides.core.steps.BaseStepListener - stepFinished: current outcome:New User Registration:Given that Jose wants to be able to access tester jobs [Jose open up utest [Jose opens the Utest page]], When he fills in the form for the creation of a new user
| firts_name | last_name | email |
| Jose | Mendoza | Jose@gmail.com | [Jose register [Jose clicks on button that shows us the registration form, Jose enters 'Jose' into Register first name, Jose enters 'Mendoza' into Register last name, Jose enters 'Jose@gmail.com' into Register of email, Jose clicks on Register the month of birth, Jose select April on Register the month of birth]]
[Test worker] WARN net.thucydides.core.steps.BaseStepListener - stepFinished: current outcome:New User Registration:Given that Jose wants to be able to access tester jobs [Jose open up utest [Jose opens the Utest page]], When he fills in the form for the creation of a new user
| firts_name | last_name | email |
| Jose | Mendoza | Jose@gmail.com | [Jose register [Jose clicks on button that shows us the registration form, Jose enters 'Jose' into Register first name, Jose enters 'Mendoza' into Register last name, Jose enters 'Jose@gmail.com' into Register of email, Jose clicks on Register the month of birth, Jose select April on Register the month of birth]]
[Test worker] WARN net.thucydides.core.steps.BaseStepListener - stepStarted: net.thucydides.core.steps.ExecutedStepDescription@48c49c8d
[Test worker] WARN net.thucydides.core.steps.BaseStepListener - stepFinished: current outcome:New User Registration:Given that Jose wants to be able to access tester jobs [Jose open up utest [Jose opens the Utest page]], When he fills in the form for the creation of a new user
| firts_name | last_name | email |
| Jose | Mendoza | Jose@gmail.com | [Jose register [Jose clicks on button that shows us the registration form, Jose enters 'Jose' into Register first name, Jose enters 'Mendoza' into Register last name, Jose enters 'Jose@gmail.com' into Register of email, Jose clicks on Register the month of birth, Jose select April on Register the month of birth]], Then access the Utest platform
[Test worker] WARN net.thucydides.core.steps.BaseStepListener - testFinished: New User Registration:Given that Jose wants to be able to access tester jobs [Jose open up utest [Jose opens the Utest page]], When he fills in the form for the creation of a new user
| firts_name | last_name | email |
| Jose | Mendoza | Jose@gmail.com | [Jose register [Jose clicks on button that shows us the registration form, Jose enters 'Jose' into Register first name, Jose enters 'Mendoza' into Register last name, Jose enters 'Jose@gmail.com' into Register of email, Jose clicks on Register the month of birth, Jose select April on Register the month of birth]], Then access the Utest platform
[Test worker] WARN net.thucydides.core.steps.BaseStepListener - TestOutcomes: [New User Registration:Given that Jose wants to be able to access tester jobs [Jose open up utest [Jose opens the Utest page]], When he fills in the form for the creation of a new user
| firts_name | last_name | email |
| Jose | Mendoza | Jose@gmail.com | [Jose register [Jose clicks on button that shows us the registration form, Jose enters 'Jose' into Register first name, Jose enters 'Mendoza' into Register last name, Jose enters 'Jose@gmail.com' into Register of email, Jose clicks on Register the month of birth, Jose select April on Register the month of birth]], Then access the Utest platform]
[Test worker] WARN net.thucydides.core.steps.BaseStepListener - Final testOutcomes: [New User Registration:Given that Jose wants to be able to access tester jobs [Jose open up utest [Jose opens the Utest page]], When he fills in the form for the creation of a new user
| firts_name | last_name | email |
| Jose | Mendoza | Jose@gmail.com | [Jose register [Jose clicks on button that shows us the registration form, Jose enters 'Jose' into Register first name, Jose enters 'Mendoza' into Register last name, Jose enters 'Jose@gmail.com' into Register of email, Jose clicks on Register the month of birth, Jose select April on Register the month of birth]], Then access the Utest platform]
[Test worker] INFO net.thucydides.core.steps.ConsoleLoggingListener - 
        __    _____ _____ ____ _____   ____   _    ____  ____  _____ ____  
  _     \ \  |_   _| ____/ ___|_   _| |  _ \ / \  / ___|/ ___|| ____|  _ \ 
 (_)_____| |   | | |  _| \___ \ | |   | |_) / _ \ \___ \\___ \|  _| | | | |
  _|_____| |   | | | |___ ___) || |   |  __/ ___ \ ___) |___) | |___| |_| |
 (_)     | |   |_| |_____|____/ |_|   |_| /_/   \_\____/|____/|_____|____/ 
        /_/                                                                

TEST PASSED: New User Registration
----------------------------------------------------------------------------
]]></system-err>
</testsuite>
